<?xml version="1.0" encoding="UTF-8"?>
<testsuite xmlns:xsi="http://www.w3.org/2001/XMLSchema-instance" xsi:noNamespaceSchemaLocation="https://maven.apache.org/surefire/maven-surefire-plugin/xsd/surefire-test-report.xsd" name="org.ranin.rolePlay.AppTest" time="0.006" tests="0" errors="0" skipped="0" failures="0">
  <properties>
    <property name="awt.toolkit" value="sun.awt.X11.XToolkit"/>
    <property name="java.specification.version" value="11"/>
    <property name="sun.cpu.isalist" value=""/>
    <property name="sun.jnu.encoding" value="UTF-8"/>
    <property name="java.class.path" value="/home/chibbi/GithubRepos/private/RolePlay/rolePlay/target/test-classes:/home/chibbi/GithubRepos/private/RolePlay/rolePlay/target/classes:/home/chibbi/.m2/repository/org/spigotmc/spigot-api/1.16.4-R0.1-SNAPSHOT/spigot-api-1.16.4-R0.1-SNAPSHOT.jar:/home/chibbi/.m2/repository/commons-lang/commons-lang/2.6/commons-lang-2.6.jar:/home/chibbi/.m2/repository/com/google/guava/guava/21.0/guava-21.0.jar:/home/chibbi/.m2/repository/com/google/code/gson/gson/2.8.0/gson-2.8.0.jar:/home/chibbi/.m2/repository/net/md-5/bungeecord-chat/1.16-R0.3/bungeecord-chat-1.16-R0.3.jar:/home/chibbi/.m2/repository/org/yaml/snakeyaml/1.26/snakeyaml-1.26.jar:"/>
    <property name="java.vm.vendor" value="Oracle Corporation"/>
    <property name="sun.arch.data.model" value="64"/>
    <property name="java.vendor.url" value="https://openjdk.java.net/"/>
    <property name="user.timezone" value=""/>
    <property name="java.vm.specification.version" value="11"/>
    <property name="os.name" value="Linux"/>
    <property name="sun.java.launcher" value="SUN_STANDARD"/>
    <property name="user.country" value="US"/>
    <property name="sun.boot.library.path" value="/usr/lib/jvm/java-11-openjdk/lib"/>
    <property name="sun.java.command" value="/home/chibbi/GithubRepos/private/RolePlay/rolePlay/target/surefire/surefirebooter15046124441616450142.jar /home/chibbi/GithubRepos/private/RolePlay/rolePlay/target/surefire 2021-01-11T00-32-27_014-jvmRun1 surefire6953880817919886828tmp surefire_011646437495513992345tmp"/>
    <property name="jdk.debug" value="release"/>
    <property name="surefire.test.class.path" value="/home/chibbi/GithubRepos/private/RolePlay/rolePlay/target/test-classes:/home/chibbi/GithubRepos/private/RolePlay/rolePlay/target/classes:/home/chibbi/.m2/repository/org/spigotmc/spigot-api/1.16.4-R0.1-SNAPSHOT/spigot-api-1.16.4-R0.1-SNAPSHOT.jar:/home/chibbi/.m2/repository/commons-lang/commons-lang/2.6/commons-lang-2.6.jar:/home/chibbi/.m2/repository/com/google/guava/guava/21.0/guava-21.0.jar:/home/chibbi/.m2/repository/com/google/code/gson/gson/2.8.0/gson-2.8.0.jar:/home/chibbi/.m2/repository/net/md-5/bungeecord-chat/1.16-R0.3/bungeecord-chat-1.16-R0.3.jar:/home/chibbi/.m2/repository/org/yaml/snakeyaml/1.26/snakeyaml-1.26.jar:"/>
    <property name="sun.cpu.endian" value="little"/>
    <property name="user.home" value="/home/chibbi"/>
    <property name="user.language" value="en"/>
    <property name="java.specification.vendor" value="Oracle Corporation"/>
    <property name="java.version.date" value="2020-07-14"/>
    <property name="java.home" value="/usr/lib/jvm/java-11-openjdk"/>
    <property name="file.separator" value="/"/>
    <property name="basedir" value="/home/chibbi/GithubRepos/private/RolePlay/rolePlay"/>
    <property name="java.vm.compressedOopsMode" value="Zero based"/>
    <property name="line.separator" value="&#10;"/>
    <property name="java.specification.name" value="Java Platform API Specification"/>
    <property name="java.vm.specification.vendor" value="Oracle Corporation"/>
    <property name="java.awt.graphicsenv" value="sun.awt.X11GraphicsEnvironment"/>
    <property name="surefire.real.class.path" value="/home/chibbi/GithubRepos/private/RolePlay/rolePlay/target/surefire/surefirebooter15046124441616450142.jar"/>
    <property name="sun.management.compiler" value="HotSpot 64-Bit Tiered Compilers"/>
    <property name="java.runtime.version" value="11.0.8+10"/>
    <property name="user.name" value="chibbi"/>
    <property name="path.separator" value=":"/>
    <property name="os.version" value="5.10.5-arch1-1"/>
    <property name="java.runtime.name" value="OpenJDK Runtime Environment"/>
    <property name="file.encoding" value="UTF-8"/>
    <property name="java.vm.name" value="OpenJDK 64-Bit Server VM"/>
    <property name="localRepository" value="/home/chibbi/.m2/repository"/>
    <property name="java.vendor.url.bug" value="https://bugreport.java.com/bugreport/"/>
    <property name="java.io.tmpdir" value="/tmp"/>
    <property name="java.version" value="11.0.8"/>
    <property name="user.dir" value="/home/chibbi/GithubRepos/private/RolePlay/rolePlay"/>
    <property name="os.arch" value="amd64"/>
    <property name="java.vm.specification.name" value="Java Virtual Machine Specification"/>
    <property name="java.awt.printerjob" value="sun.print.PSPrinterJob"/>
    <property name="sun.os.patch.level" value="unknown"/>
    <property name="java.library.path" value="/usr/java/packages/lib:/usr/lib64:/lib64:/lib:/usr/lib"/>
    <property name="java.vm.info" value="mixed mode"/>
    <property name="java.vendor" value="N/A"/>
    <property name="java.vm.version" value="11.0.8+10"/>
    <property name="sun.io.unicode.encoding" value="UnicodeLittle"/>
    <property name="java.class.version" value="55.0"/>
  </properties>
</testsuite>